0 info it worked if it ends with ok
1 verbose cli [ '/home/linuxbrew/.linuxbrew/Cellar/node/8.1.2/bin/node',
1 verbose cli   '/home/linuxbrew/.linuxbrew/bin/npm',
1 verbose cli   'start' ]
2 info using npm@3.10.7
3 info using node@v8.1.2
4 verbose run-script [ 'prestart', 'start', 'poststart' ]
5 info lifecycle tdd-js@1.0.0~prestart: tdd-js@1.0.0
6 silly lifecycle tdd-js@1.0.0~prestart: no script for prestart, continuing
7 info lifecycle tdd-js@1.0.0~start: tdd-js@1.0.0
8 verbose lifecycle tdd-js@1.0.0~start: unsafe-perm in lifecycle true
9 verbose lifecycle tdd-js@1.0.0~start: PATH: /home/linuxbrew/.linuxbrew/lib/node_modules/npm/bin/node-gyp-bin:/var/www/labs/starterLab/tdd-js/spotify-player/node_modules/.bin:/home/linuxbrew/.linuxbrew/Cellar/node/8.1.2/bin:/usr/local/anaconda/bin:/home/matheushf/.linuxbrew/bin:/home/linuxbrew/.linuxbrew/bin:/home/linuxbrew/.linuxbrew/bin:/home/linuxbrew/.linuxbrew/bin:/home/matheushf/.linuxbrew/bin:/home/linuxbrew/.linuxbrew/bin:/usr/local/share/npm/bin:/usr/local/bin:/usr/local/sbin:~/bin:/home/linuxbrew/.linuxbrew/bin:/usr/local/bin:/usr/bin:/bin:/usr/local/games:/usr/gamesss:/usr/lib/jvm/java-8-oracle/bin:/usr/lib/jvm/java-8-oracle/db/bin:/usr/lib/jvm/java-8-oracle/jre/bin:/home/matheushf/Android/Sdk/tools:/home/matheushf/Android/Sdk/platform-tools:/opt/gradle-4.2.1/bin
10 verbose lifecycle tdd-js@1.0.0~start: CWD: /var/www/labs/starterLab/tdd-js/spotify-player
11 silly lifecycle tdd-js@1.0.0~start: Args: [ '-c', 'webpack-dev-server' ]
12 info lifecycle tdd-js@1.0.0~start: Failed to exec start script
13 verbose stack Error: tdd-js@1.0.0 start: `webpack-dev-server`
13 verbose stack spawn ENOENT
13 verbose stack     at ChildProcess.<anonymous> (/home/linuxbrew/.linuxbrew/lib/node_modules/npm/lib/utils/spawn.js:33:16)
13 verbose stack     at emitTwo (events.js:125:13)
13 verbose stack     at ChildProcess.emit (events.js:213:7)
13 verbose stack     at maybeClose (internal/child_process.js:897:16)
13 verbose stack     at Process.ChildProcess._handle.onexit (internal/child_process.js:208:5)
14 verbose pkgid tdd-js@1.0.0
15 verbose cwd /var/www/labs/starterLab/tdd-js/spotify-player
16 error Linux 3.16.0-4-amd64
17 error argv "/home/linuxbrew/.linuxbrew/Cellar/node/8.1.2/bin/node" "/home/linuxbrew/.linuxbrew/bin/npm" "start"
18 error node v8.1.2
19 error npm  v3.10.7
20 error file sh
21 error code ELIFECYCLE
22 error errno ENOENT
23 error syscall spawn
24 error tdd-js@1.0.0 start: `webpack-dev-server`
24 error spawn ENOENT
25 error Failed at the tdd-js@1.0.0 start script 'webpack-dev-server'.
25 error Make sure you have the latest version of node.js and npm installed.
25 error If you do, this is most likely a problem with the tdd-js package,
25 error not with npm itself.
25 error Tell the author that this fails on your system:
25 error     webpack-dev-server
25 error You can get information on how to open an issue for this project with:
25 error     npm bugs tdd-js
25 error Or if that isn't available, you can get their info via:
25 error     npm owner ls tdd-js
25 error There is likely additional logging output above.
26 verbose exit [ 1, true ]
