Arguments: 
  /home/linuxbrew/.linuxbrew/Cellar/node/8.1.2/bin/node /home/linuxbrew/.linuxbrew/bin/yarn

PATH: 
  /usr/local/anaconda/bin:/home/matheushf/.linuxbrew/bin:/home/linuxbrew/.linuxbrew/bin:/home/linuxbrew/.linuxbrew/bin:/home/linuxbrew/.linuxbrew/bin:/home/matheushf/.linuxbrew/bin:/home/linuxbrew/.linuxbrew/bin:/usr/local/share/npm/bin:/usr/local/bin:/usr/local/sbin:~/bin:/home/linuxbrew/.linuxbrew/bin:/usr/local/bin:/usr/bin:/bin:/usr/local/games:/usr/gamesss:/usr/lib/jvm/java-8-oracle/bin:/usr/lib/jvm/java-8-oracle/db/bin:/usr/lib/jvm/java-8-oracle/jre/bin:/home/matheushf/Android/Sdk/tools:/home/matheushf/Android/Sdk/platform-tools:/opt/gradle-4.2.1/bin

Yarn version: 
  1.3.2

Node version: 
  8.1.2

Platform: 
  linux x64

npm manifest: 
  {
    "name": "tdd-js",
    "version": "1.0.0",
    "description": "Part of the TDD course, a player to work with the Spotify WEB API",
    "main": "lib/index.js",
    "scripts": {
      "clear": "rimraf lib",
      "lint": "./node_modules/.bin/eslint  src/*.js",
      "build": "npm run clear && ./node_modules/.bin/babel --out-dir lib src",
      "build:watch": "npm run build -- --watch",
      "build:umd": "./node_modules/.bin/webpack --output-filename spotify-wrapper.umd.js",
      "build:umd:min": "./node_modules/.bin/webpack --output-filename spotify-wrapper.umd.min.js -p",
      "build:all": "npm run build && npm run build:umd && npm run build:umd:min",
      "prepush": "npm run lint && npm run test:coverage",
      "test": "./node_modules/.bin/mocha tests/**/*.spec.js --require babel-register",
      "test:tdd": "npm run test -- --watch",
      "test:coverage": "nyc npm test",
      "coveralls": "npm run test:coverage && nyc report --reporter=text-lcov | coveralls"
    },
    "files": [
      "dist",
      "lib"
    ],
    "author": "matheushf",
    "license": "ISC",
    "nyc": {
      "check-coverage": true,
      "functions": 80,
      "lines": 80,
      "reporter": [
        "text",
        "html"
      ],
      "exclude": [
        "tests/**"
      ]
    },
    "devDependencies": {
      "babel-cli": "^6.26.0",
      "babel-loader": "^7.1.2",
      "babel-preset-env": "^1.6.1",
      "babel-register": "^6.26.0",
      "chai": "^4.1.2",
      "coveralls": "^3.0.0",
      "eslint": "^4.15.0",
      "eslint-config-airbnb-base": "^12.1.0",
      "eslint-plugin-import": "^2.8.0",
      "husky": "^0.14.3",
      "mocha": "^5.0.0",
      "node-fetch": "^1.7.3",
      "nyc": "^11.4.1",
      "rimraf": "^2.6.2",
      "sinon": "^4.2.0",
      "sinon-chai": "^2.14.0",
      "sinon-stub-promise": "^4.0.0",
      "webpack": "^3.10.0"
    }
  }

yarn manifest: 
  No manifest

Lockfile: 
  No lockfile

Trace: 
  Error: getaddrinfo ENOTFOUND registry.yarnpkg.com registry.yarnpkg.com:443
      at errnoException (dns.js:50:10)
      at GetAddrInfoReqWrap.onlookup [as oncomplete] (dns.js:91:26)
