0 info it worked if it ends with ok
1 verbose cli [ '/home/linuxbrew/.linuxbrew/Cellar/node/8.1.2/bin/node',
1 verbose cli   '/home/linuxbrew/.linuxbrew/bin/npm',
1 verbose cli   'run',
1 verbose cli   'test:coverage' ]
2 info using npm@3.10.7
3 info using node@v8.1.2
4 verbose run-script [ 'pretest:coverage', 'test:coverage', 'posttest:coverage' ]
5 info lifecycle tdd-js@1.0.0~pretest:coverage: tdd-js@1.0.0
6 silly lifecycle tdd-js@1.0.0~pretest:coverage: no script for pretest:coverage, continuing
7 info lifecycle tdd-js@1.0.0~test:coverage: tdd-js@1.0.0
8 verbose lifecycle tdd-js@1.0.0~test:coverage: unsafe-perm in lifecycle true
9 verbose lifecycle tdd-js@1.0.0~test:coverage: PATH: /home/linuxbrew/.linuxbrew/lib/node_modules/npm/bin/node-gyp-bin:/var/www/labs/starterLab/tdd-js/basics/node_modules/.bin:/home/linuxbrew/.linuxbrew/Cellar/node/8.1.2/bin:/usr/local/anaconda/bin:/home/matheushf/.linuxbrew/bin:/home/linuxbrew/.linuxbrew/bin:/home/linuxbrew/.linuxbrew/bin:/home/linuxbrew/.linuxbrew/bin:/home/matheushf/.linuxbrew/bin:/home/linuxbrew/.linuxbrew/bin:/usr/local/share/npm/bin:/usr/local/bin:/usr/local/sbin:~/bin:/home/linuxbrew/.linuxbrew/bin:/usr/local/bin:/usr/bin:/bin:/usr/local/games:/usr/gamesss:/usr/lib/jvm/java-8-oracle/bin:/usr/lib/jvm/java-8-oracle/db/bin:/usr/lib/jvm/java-8-oracle/jre/bin:/home/matheushf/Android/Sdk/tools:/home/matheushf/Android/Sdk/platform-tools:/opt/gradle-4.2.1/bin
10 verbose lifecycle tdd-js@1.0.0~test:coverage: CWD: /var/www/labs/starterLab/tdd-js/basics
11 silly lifecycle tdd-js@1.0.0~test:coverage: Args: [ '-c', 'nyc npm test' ]
12 silly lifecycle tdd-js@1.0.0~test:coverage: Returned: code: 1  signal: null
13 info lifecycle tdd-js@1.0.0~test:coverage: Failed to exec test:coverage script
14 verbose stack Error: tdd-js@1.0.0 test:coverage: `nyc npm test`
14 verbose stack Exit status 1
14 verbose stack     at EventEmitter.<anonymous> (/home/linuxbrew/.linuxbrew/lib/node_modules/npm/lib/utils/lifecycle.js:255:16)
14 verbose stack     at emitTwo (events.js:125:13)
14 verbose stack     at EventEmitter.emit (events.js:213:7)
14 verbose stack     at ChildProcess.<anonymous> (/home/linuxbrew/.linuxbrew/lib/node_modules/npm/lib/utils/spawn.js:40:14)
14 verbose stack     at emitTwo (events.js:125:13)
14 verbose stack     at ChildProcess.emit (events.js:213:7)
14 verbose stack     at maybeClose (internal/child_process.js:897:16)
14 verbose stack     at Process.ChildProcess._handle.onexit (internal/child_process.js:208:5)
15 verbose pkgid tdd-js@1.0.0
16 verbose cwd /var/www/labs/starterLab/tdd-js/basics
17 error Linux 3.16.0-4-amd64
18 error argv "/home/linuxbrew/.linuxbrew/Cellar/node/8.1.2/bin/node" "/home/linuxbrew/.linuxbrew/bin/npm" "run" "test:coverage"
19 error node v8.1.2
20 error npm  v3.10.7
21 error code ELIFECYCLE
22 error tdd-js@1.0.0 test:coverage: `nyc npm test`
22 error Exit status 1
23 error Failed at the tdd-js@1.0.0 test:coverage script 'nyc npm test'.
23 error Make sure you have the latest version of node.js and npm installed.
23 error If you do, this is most likely a problem with the tdd-js package,
23 error not with npm itself.
23 error Tell the author that this fails on your system:
23 error     nyc npm test
23 error You can get information on how to open an issue for this project with:
23 error     npm bugs tdd-js
23 error Or if that isn't available, you can get their info via:
23 error     npm owner ls tdd-js
23 error There is likely additional logging output above.
24 verbose exit [ 1, true ]
